
> vibe-generated-app@1.0.0 dev
> vite


  VITE v5.4.20  ready in 259 ms

  ➜  Local:   http://localhost:3000/
  ➜  Network: http://172.20.30.173:3000/
4:31:23 PM [vite] Pre-transform error: Transform failed with 1 error:
/home/workspace/src/components/SolutionSection.jsx:38:112: ERROR: Expected "}" but found "Finish"
4:31:25 PM [vite] Internal server error: Transform failed with 1 error:
/home/workspace/src/components/SolutionSection.jsx:38:112: ERROR: Expected "}" but found "Finish"
  Plugin: vite:esbuild
  File: /home/workspace/src/components/SolutionSection.jsx:38:112
  
  Expected "}" but found "Finish"
  36 |              title="Context-Aware Voice"
  37 |              feature="An AI assistant that understands your work."
  38 |              benefit={"Ask, 'What's my priority?' and get answers from your own tasks and calendar. Say, 'Add \\"Finish report\\" to Project X,' and it updates your Notion."}
     |                                                                                                                  ^
  39 |            />
  40 |          </div>
  
      at failureErrorWithLog (/home/workspace/node_modules/esbuild/lib/main.js:1472:15)
      at /home/workspace/node_modules/esbuild/lib/main.js:755:50
      at responseCallbacks.<computed> (/home/workspace/node_modules/esbuild/lib/main.js:622:9)
      at handleIncomingPacket (/home/workspace/node_modules/esbuild/lib/main.js:677:12)
      at Socket.readFromStdout (/home/workspace/node_modules/esbuild/lib/main.js:600:7)
      at Socket.emit (node:events:508:28)
      at addChunk (node:internal/streams/readable:559:12)
      at readableAddChunkPushByteMode (node:internal/streams/readable:510:3)
      at Readable.push (node:internal/streams/readable:390:5)
      at Pipe.onStreamRead (node:internal/stream_base_commons:189:23)
4:31:28 PM [vite] Internal server error: Transform failed with 1 error:
/home/workspace/src/components/SolutionSection.jsx:38:112: ERROR: Expected "}" but found "Finish"
  Plugin: vite:esbuild
  File: /home/workspace/src/components/SolutionSection.jsx:38:112
  
  Expected "}" but found "Finish"
  36 |              title="Context-Aware Voice"
  37 |              feature="An AI assistant that understands your work."
  38 |              benefit={"Ask, 'What's my priority?' and get answers from your own tasks and calendar. Say, 'Add \\"Finish report\\" to Project X,' and it updates your Notion."}
     |                                                                                                                  ^
  39 |            />
  40 |          </div>
  
      at failureErrorWithLog (/home/workspace/node_modules/esbuild/lib/main.js:1472:15)
      at /home/workspace/node_modules/esbuild/lib/main.js:755:50
      at responseCallbacks.<computed> (/home/workspace/node_modules/esbuild/lib/main.js:622:9)
      at handleIncomingPacket (/home/workspace/node_modules/esbuild/lib/main.js:677:12)
      at Socket.readFromStdout (/home/workspace/node_modules/esbuild/lib/main.js:600:7)
      at Socket.emit (node:events:508:28)
      at addChunk (node:internal/streams/readable:559:12)
      at readableAddChunkPushByteMode (node:internal/streams/readable:510:3)
      at Readable.push (node:internal/streams/readable:390:5)
      at Pipe.onStreamRead (node:internal/stream_base_commons:189:23)
